SF:lib\bloc\map_bloc.dart
DA:8,1
DA:9,1
DA:14,1
DA:18,1
DA:19,2
DA:23,1
DA:25,3
DA:26,0
DA:28,0
DA:30,0
DA:32,2
LF:11
LH:8
end_of_record
SF:lib\bloc\map_event.dart
DA:5,2
LF:1
LH:1
end_of_record
SF:lib\bloc\map_state.dart
DA:5,1
DA:7,1
DA:8,1
DA:16,0
LF:4
LH:3
end_of_record
SF:lib\utils\colors.dart
DA:5,0
DA:6,0
DA:7,0
DA:8,0
DA:9,0
DA:10,0
DA:11,0
DA:15,0
DA:16,0
DA:17,0
DA:18,0
DA:19,0
DA:20,0
DA:21,0
DA:25,0
DA:26,0
LF:16
LH:0
end_of_record
SF:lib\utils\text_styles.dart
DA:7,0
DA:12,0
DA:17,0
DA:22,0
DA:27,0
DA:32,0
DA:37,0
DA:43,0
DA:49,0
DA:55,0
LF:10
LH:0
end_of_record
